[debug] [2024-10-18T11:03:55.913Z] ----------------------------------------------------------------------
[debug] [2024-10-18T11:03:55.915Z] Command:       C:\Program Files\nodejs\node.exe C:\Users\Amabella NWANKWO\AppData\Roaming\npm\node_modules\firebase-tools\lib\bin\firebase.js emulators:start
[debug] [2024-10-18T11:03:55.915Z] CLI Version:   13.17.0
[debug] [2024-10-18T11:03:55.915Z] Platform:      win32
[debug] [2024-10-18T11:03:55.915Z] Node Version:  v20.10.0
[debug] [2024-10-18T11:03:55.915Z] Time:          Fri Oct 18 2024 12:03:55 GMT+0100 (West Africa Standard Time)
[debug] [2024-10-18T11:03:55.916Z] ----------------------------------------------------------------------
[debug] 
[debug] [2024-10-18T11:03:56.014Z] > command requires scopes: ["email","openid","https://www.googleapis.com/auth/cloudplatformprojects.readonly","https://www.googleapis.com/auth/firebase","https://www.googleapis.com/auth/cloud-platform"]
[debug] [2024-10-18T11:03:56.014Z] > authorizing via signed-in user (nwankwonzubechukwu217@gmail.com)
[info] i  emulators: Starting emulators: functions {"metadata":{"emulator":{"name":"hub"},"message":"Starting emulators: functions"}}
[debug] [2024-10-18T11:03:56.023Z] [logging] Logging Emulator only supports listening on one address (127.0.0.1). Not listening on ::1
[debug] [2024-10-18T11:03:56.024Z] assigned listening specs for emulators {"user":{"hub":[{"address":"127.0.0.1","family":"IPv4","port":4400},{"address":"::1","family":"IPv6","port":4400}],"ui":[{"address":"127.0.0.1","family":"IPv4","port":4000},{"address":"::1","family":"IPv6","port":4000}],"logging":[{"address":"127.0.0.1","family":"IPv4","port":4500}]},"metadata":{"message":"assigned listening specs for emulators"}}
[debug] [2024-10-18T11:03:56.030Z] [hub] writing locator at C:\Users\AMABEL~1\AppData\Local\Temp\hub-dulcia-app.json
[debug] [2024-10-18T11:03:56.051Z] [functions] Functions Emulator only supports listening on one address (127.0.0.1). Not listening on ::1
[debug] [2024-10-18T11:03:56.052Z] [eventarc] Eventarc Emulator only supports listening on one address (127.0.0.1). Not listening on ::1
[debug] [2024-10-18T11:03:56.052Z] [tasks] Cloud Tasks Emulator only supports listening on one address (127.0.0.1). Not listening on ::1
[debug] [2024-10-18T11:03:56.052Z] late-assigned ports for functions and eventarc emulators {"user":{"hub":[{"address":"127.0.0.1","family":"IPv4","port":4400},{"address":"::1","family":"IPv6","port":4400}],"ui":[{"address":"127.0.0.1","family":"IPv4","port":4000},{"address":"::1","family":"IPv6","port":4000}],"logging":[{"address":"127.0.0.1","family":"IPv4","port":4500}],"functions":[{"address":"127.0.0.1","family":"IPv4","port":5001}],"eventarc":[{"address":"127.0.0.1","family":"IPv4","port":9299}],"tasks":[{"address":"127.0.0.1","family":"IPv4","port":9499}]},"metadata":{"message":"late-assigned ports for functions and eventarc emulators"}}
[warn] !  functions: The following emulators are not running, calls to these services from the Functions emulator will affect production: auth, firestore, database, hosting, pubsub, storage, dataconnect {"metadata":{"emulator":{"name":"functions"},"message":"The following emulators are not running, calls to these services from the Functions emulator will affect production: \u001b[1mauth, firestore, database, hosting, pubsub, storage, dataconnect\u001b[22m"}}
[debug] [2024-10-18T11:03:56.058Z] defaultcredentials: writing to file C:\Users\Amabella NWANKWO\AppData\Roaming\firebase\nwankwonzubechukwu217_gmail_com_application_default_credentials.json
[debug] [2024-10-18T11:03:56.064Z] Setting GAC to C:\Users\Amabella NWANKWO\AppData\Roaming\firebase\nwankwonzubechukwu217_gmail_com_application_default_credentials.json {"metadata":{"emulator":{"name":"functions"},"message":"Setting GAC to C:\\Users\\Amabella NWANKWO\\AppData\\Roaming\\firebase\\nwankwonzubechukwu217_gmail_com_application_default_credentials.json"}}
[debug] [2024-10-18T11:03:56.065Z] > refreshing access token with scopes: []
[debug] [2024-10-18T11:03:56.067Z] >>> [apiv2][query] POST https://www.googleapis.com/oauth2/v3/token [none]
[debug] [2024-10-18T11:03:56.067Z] >>> [apiv2][body] POST https://www.googleapis.com/oauth2/v3/token [omitted]
[debug] [2024-10-18T11:03:56.533Z] <<< [apiv2][status] POST https://www.googleapis.com/oauth2/v3/token 200
[debug] [2024-10-18T11:03:56.533Z] <<< [apiv2][body] POST https://www.googleapis.com/oauth2/v3/token [omitted]
[debug] [2024-10-18T11:03:56.548Z] >>> [apiv2][query] GET https://firebase.googleapis.com/v1beta1/projects/dulcia-app/adminSdkConfig [none]
[debug] [2024-10-18T11:03:57.224Z] <<< [apiv2][status] GET https://firebase.googleapis.com/v1beta1/projects/dulcia-app/adminSdkConfig 200
[debug] [2024-10-18T11:03:57.225Z] <<< [apiv2][body] GET https://firebase.googleapis.com/v1beta1/projects/dulcia-app/adminSdkConfig {"projectId":"dulcia-app","storageBucket":"dulcia-app.appspot.com"}
[debug] [2024-10-18T11:03:57.257Z] Ignoring unsupported arg: auto_download {"metadata":{"emulator":{"name":"ui"},"message":"Ignoring unsupported arg: auto_download"}}
[debug] [2024-10-18T11:03:57.257Z] Ignoring unsupported arg: port {"metadata":{"emulator":{"name":"ui"},"message":"Ignoring unsupported arg: port"}}
[debug] [2024-10-18T11:03:57.258Z] Starting Emulator UI with command {"binary":"node","args":["C:\\Users\\Amabella NWANKWO\\.cache\\firebase\\emulators\\ui-v1.13.0\\server\\server.mjs"],"optionalArgs":[],"joinArgs":false,"shell":false} {"metadata":{"emulator":{"name":"ui"},"message":"Starting Emulator UI with command {\"binary\":\"node\",\"args\":[\"C:\\\\Users\\\\Amabella NWANKWO\\\\.cache\\\\firebase\\\\emulators\\\\ui-v1.13.0\\\\server\\\\server.mjs\"],\"optionalArgs\":[],\"joinArgs\":false,\"shell\":false}"}}
[info] i  ui: Emulator UI logging to ui-debug.log {"metadata":{"emulator":{"name":"ui"},"message":"Emulator UI logging to \u001b[1mui-debug.log\u001b[22m"}}
[debug] [2024-10-18T11:03:57.407Z] Web / API server started at 127.0.0.1:4000
 {"metadata":{"emulator":{"name":"ui"},"message":"Web / API server started at 127.0.0.1:4000\n"}}
[debug] [2024-10-18T11:03:57.407Z] Web / API server started at ::1:4000
 {"metadata":{"emulator":{"name":"ui"},"message":"Web / API server started at ::1:4000\n"}}
[info] i  functions: Watching "C:\Users\Amabella NWANKWO\food-app\food-client\functions" for Cloud Functions... {"metadata":{"emulator":{"name":"functions"},"message":"Watching \"C:\\Users\\Amabella NWANKWO\\food-app\\food-client\\functions\" for Cloud Functions..."}}
[debug] [2024-10-18T11:03:57.502Z] Validating nodejs source
[debug] [2024-10-18T11:04:00.864Z] > [functions] package.json contents: {
  "name": "functions",
  "scripts": {
    "lint": "eslint --ext .js,.ts .",
    "build": "tsc",
    "build:watch": "tsc --watch",
    "serve": "npm run build && firebase emulators:start --only functions",
    "shell": "npm run build && firebase functions:shell",
    "start": "npm run shell",
    "deploy": "firebase deploy --only functions",
    "logs": "firebase functions:log"
  },
  "engines": {
    "node": "18"
  },
  "main": "lib/index.js",
  "dependencies": {
    "cors": "^2.8.5",
    "dotenv": "^16.4.5",
    "express": "^4.21.1",
    "firebase-admin": "^12.1.0",
    "firebase-functions": "^6.0.1",
    "stripe": "^17.2.0"
  },
  "devDependencies": {
    "@types/cors": "^2.8.17",
    "@types/express": "^5.0.0",
    "@types/stripe": "^8.0.417",
    "@typescript-eslint/eslint-plugin": "^5.12.0",
    "@typescript-eslint/parser": "^5.12.0",
    "eslint": "^8.9.0",
    "eslint-config-google": "^0.14.0",
    "eslint-plugin-import": "^2.25.4",
    "firebase-functions-test": "^3.1.0",
    "typescript": "^4.9.0"
  },
  "private": true
}
[debug] [2024-10-18T11:04:00.864Z] Building nodejs source
[debug] [2024-10-18T11:04:00.865Z] Failed to find version of module node: reached end of search path C:\Users\Amabella NWANKWO\food-app\food-client\functions\node_modules
[warn] !  functions: Your requested "node" version "18" doesn't match your global version "20". Using node@20 from host. 
[info] i  functions: Loaded environment variables from .env. 
[debug] [2024-10-18T11:04:00.868Z] Could not find functions.yaml. Must use http discovery
[debug] [2024-10-18T11:04:00.879Z] Found firebase-functions binary at 'C:\Users\Amabella NWANKWO\food-app\food-client\functions\node_modules\.bin\firebase-functions'
[info] Serving at port 8249

[debug] [2024-10-18T11:04:01.429Z] Got response from /__/functions.yaml {"endpoints":{"api":{"availableMemoryMb":null,"timeoutSeconds":null,"minInstances":null,"maxInstances":null,"ingressSettings":null,"concurrency":null,"serviceAccountEmail":null,"vpc":null,"platform":"gcfv2","labels":{},"httpsTrigger":{},"entryPoint":"api"}},"specVersion":"v1alpha1","requiredAPIs":[],"extensions":{}}
[info] +  functions: Loaded functions definitions from source: api. {"metadata":{"emulator":{"name":"functions"},"message":"Loaded functions definitions from source: api."}}
[info] +  functions[us-central1-api]: http function initialized (http://127.0.0.1:5001/dulcia-app/us-central1/api). {"metadata":{"emulator":{"name":"functions"},"message":"\u001b[1mhttp\u001b[22m function initialized (http://127.0.0.1:5001/dulcia-app/us-central1/api)."}}
[info] 
┌─────────────────────────────────────────────────────────────┐
│ ✔  All emulators ready! It is now safe to connect your app. │
│ i  View Emulator UI at http://127.0.0.1:4000/               │
└─────────────────────────────────────────────────────────────┘

┌───────────┬────────────────┬─────────────────────────────────┐
│ Emulator  │ Host:Port      │ View in Emulator UI             │
├───────────┼────────────────┼─────────────────────────────────┤
│ Functions │ 127.0.0.1:5001 │ http://127.0.0.1:4000/functions │
└───────────┴────────────────┴─────────────────────────────────┘
  Emulator Hub running at 127.0.0.1:4400
  Other reserved ports: 4500

Issues? Report them at https://github.com/firebase/firebase-tools/issues and attach the *-debug.log files.
 
[debug] [2024-10-18T11:05:46.268Z] [work-queue] {"queuedWork":["/dulcia-app/us-central1/api/payments/create-2024-10-18T11:05:46.268Z"],"queueLength":1,"runningWork":[],"workRunningCount":0}
[debug] [2024-10-18T11:05:46.270Z] [work-queue] {"queuedWork":[],"queueLength":0,"runningWork":["/dulcia-app/us-central1/api/payments/create-2024-10-18T11:05:46.268Z"],"workRunningCount":1}
[debug] [2024-10-18T11:05:46.271Z] Accepted request POST /dulcia-app/us-central1/api/payments/create?total=70198 --> us-central1-api
[debug] [2024-10-18T11:05:46.277Z] [functions] Runtime ready! Sending request! {"metadata":{"emulator":{"name":"functions"},"message":"[functions] Runtime ready! Sending request!"}}
[debug] [2024-10-18T11:05:46.278Z] [functions] Got req.url=/dulcia-app/us-central1/api/payments/create?total=70198, mapping to path=/payments/create?total=70198 {"metadata":{"emulator":{"name":"functions"},"message":"[functions] Got req.url=/dulcia-app/us-central1/api/payments/create?total=70198, mapping to path=/payments/create?total=70198"}}
[info] i  functions: Loaded environment variables from .env. 
[debug] [2024-10-18T11:05:46.308Z] [worker-pool] addWorker(us-central1-api) {"metadata":{"emulator":{"name":"functions"},"message":"[worker-pool] addWorker(us-central1-api)"}}
[debug] [2024-10-18T11:05:46.310Z] [worker-pool] Adding worker with key us-central1-api, total=1 {"metadata":{"emulator":{"name":"functions"},"message":"[worker-pool] Adding worker with key us-central1-api, total=1"}}
[debug] [2024-10-18T11:05:46.317Z] [work-queue] {"queuedWork":["/dulcia-app/us-central1/api/payments/create-2024-10-18T11:05:46.317Z"],"queueLength":1,"runningWork":["/dulcia-app/us-central1/api/payments/create-2024-10-18T11:05:46.268Z"],"workRunningCount":1}
[debug] [2024-10-18T11:05:46.317Z] [work-queue] {"queuedWork":[],"queueLength":0,"runningWork":["/dulcia-app/us-central1/api/payments/create-2024-10-18T11:05:46.268Z","/dulcia-app/us-central1/api/payments/create-2024-10-18T11:05:46.317Z"],"workRunningCount":2}
[debug] [2024-10-18T11:05:46.317Z] Accepted request POST /dulcia-app/us-central1/api/payments/create?total=70198 --> us-central1-api
[debug] [2024-10-18T11:05:46.321Z] [functions] Runtime ready! Sending request! {"metadata":{"emulator":{"name":"functions"},"message":"[functions] Runtime ready! Sending request!"}}
[debug] [2024-10-18T11:05:46.321Z] [functions] Got req.url=/dulcia-app/us-central1/api/payments/create?total=70198, mapping to path=/payments/create?total=70198 {"metadata":{"emulator":{"name":"functions"},"message":"[functions] Got req.url=/dulcia-app/us-central1/api/payments/create?total=70198, mapping to path=/payments/create?total=70198"}}
[info] i  functions: Loaded environment variables from .env. 
[debug] [2024-10-18T11:05:46.332Z] [worker-pool] addWorker(us-central1-api) {"metadata":{"emulator":{"name":"functions"},"message":"[worker-pool] addWorker(us-central1-api)"}}
[debug] [2024-10-18T11:05:46.332Z] [worker-pool] Adding worker with key us-central1-api, total=2 {"metadata":{"emulator":{"name":"functions"},"message":"[worker-pool] Adding worker with key us-central1-api, total=2"}}
[debug] [2024-10-18T11:05:46.334Z] [work-queue] {"queuedWork":["/dulcia-app/us-central1/api/payments/create-2024-10-18T11:05:46.334Z"],"queueLength":1,"runningWork":["/dulcia-app/us-central1/api/payments/create-2024-10-18T11:05:46.268Z","/dulcia-app/us-central1/api/payments/create-2024-10-18T11:05:46.317Z"],"workRunningCount":2}
[debug] [2024-10-18T11:05:46.334Z] [work-queue] {"queuedWork":[],"queueLength":0,"runningWork":["/dulcia-app/us-central1/api/payments/create-2024-10-18T11:05:46.268Z","/dulcia-app/us-central1/api/payments/create-2024-10-18T11:05:46.317Z","/dulcia-app/us-central1/api/payments/create-2024-10-18T11:05:46.334Z"],"workRunningCount":3}
[debug] [2024-10-18T11:05:46.337Z] Accepted request POST /dulcia-app/us-central1/api/payments/create?total=70198 --> us-central1-api
[debug] [2024-10-18T11:05:46.343Z] [functions] Runtime ready! Sending request! {"metadata":{"emulator":{"name":"functions"},"message":"[functions] Runtime ready! Sending request!"}}
[debug] [2024-10-18T11:05:46.344Z] [functions] Got req.url=/dulcia-app/us-central1/api/payments/create?total=70198, mapping to path=/payments/create?total=70198 {"metadata":{"emulator":{"name":"functions"},"message":"[functions] Got req.url=/dulcia-app/us-central1/api/payments/create?total=70198, mapping to path=/payments/create?total=70198"}}
[info] i  functions: Loaded environment variables from .env. 
[debug] [2024-10-18T11:05:46.357Z] [worker-pool] addWorker(us-central1-api) {"metadata":{"emulator":{"name":"functions"},"message":"[worker-pool] addWorker(us-central1-api)"}}
[debug] [2024-10-18T11:05:46.358Z] [worker-pool] Adding worker with key us-central1-api, total=3 {"metadata":{"emulator":{"name":"functions"},"message":"[worker-pool] Adding worker with key us-central1-api, total=3"}}
[debug] [2024-10-18T11:05:48.392Z] [runtime-status] [17776] Resolved module firebase-admin {"declared":true,"installed":true,"version":"12.6.0","resolution":"C:\\Users\\Amabella NWANKWO\\food-app\\food-client\\functions\\node_modules\\firebase-admin\\lib\\index.js"} {"metadata":{"emulator":{"name":"functions"},"function":{"name":"us-central1-api"},"extension":{},"message":"[runtime-status] [17776] Resolved module firebase-admin {\"declared\":true,\"installed\":true,\"version\":\"12.6.0\",\"resolution\":\"C:\\\\Users\\\\Amabella NWANKWO\\\\food-app\\\\food-client\\\\functions\\\\node_modules\\\\firebase-admin\\\\lib\\\\index.js\"}"}}
[debug] [2024-10-18T11:05:48.393Z] [runtime-status] [12556] Resolved module firebase-admin {"declared":true,"installed":true,"version":"12.6.0","resolution":"C:\\Users\\Amabella NWANKWO\\food-app\\food-client\\functions\\node_modules\\firebase-admin\\lib\\index.js"} {"metadata":{"emulator":{"name":"functions"},"function":{"name":"us-central1-api"},"extension":{},"message":"[runtime-status] [12556] Resolved module firebase-admin {\"declared\":true,\"installed\":true,\"version\":\"12.6.0\",\"resolution\":\"C:\\\\Users\\\\Amabella NWANKWO\\\\food-app\\\\food-client\\\\functions\\\\node_modules\\\\firebase-admin\\\\lib\\\\index.js\"}"}}
[debug] [2024-10-18T11:05:48.394Z] [runtime-status] [12556] Resolved module firebase-functions {"declared":true,"installed":true,"version":"6.0.1","resolution":"C:\\Users\\Amabella NWANKWO\\food-app\\food-client\\functions\\node_modules\\firebase-functions\\lib\\v2\\index.js"} {"metadata":{"emulator":{"name":"functions"},"function":{"name":"us-central1-api"},"extension":{},"message":"[runtime-status] [12556] Resolved module firebase-functions {\"declared\":true,\"installed\":true,\"version\":\"6.0.1\",\"resolution\":\"C:\\\\Users\\\\Amabella NWANKWO\\\\food-app\\\\food-client\\\\functions\\\\node_modules\\\\firebase-functions\\\\lib\\\\v2\\\\index.js\"}"}}
[debug] [2024-10-18T11:05:48.395Z] [runtime-status] [12556] Outgoing network have been stubbed. [{"name":"http","status":"mocked"},{"name":"http","status":"mocked"},{"name":"https","status":"mocked"},{"name":"https","status":"mocked"},{"name":"net","status":"mocked"}] {"metadata":{"emulator":{"name":"functions"},"function":{"name":"us-central1-api"},"extension":{},"message":"[runtime-status] [12556] Outgoing network have been stubbed. [{\"name\":\"http\",\"status\":\"mocked\"},{\"name\":\"http\",\"status\":\"mocked\"},{\"name\":\"https\",\"status\":\"mocked\"},{\"name\":\"https\",\"status\":\"mocked\"},{\"name\":\"net\",\"status\":\"mocked\"}]"}}
[debug] [2024-10-18T11:05:48.396Z] [runtime-status] [12556] Resolved module firebase-functions {"declared":true,"installed":true,"version":"6.0.1","resolution":"C:\\Users\\Amabella NWANKWO\\food-app\\food-client\\functions\\node_modules\\firebase-functions\\lib\\v2\\index.js"} {"metadata":{"emulator":{"name":"functions"},"function":{"name":"us-central1-api"},"extension":{},"message":"[runtime-status] [12556] Resolved module firebase-functions {\"declared\":true,\"installed\":true,\"version\":\"6.0.1\",\"resolution\":\"C:\\\\Users\\\\Amabella NWANKWO\\\\food-app\\\\food-client\\\\functions\\\\node_modules\\\\firebase-functions\\\\lib\\\\v2\\\\index.js\"}"}}
[debug] [2024-10-18T11:05:48.397Z] [runtime-status] [17776] Resolved module firebase-functions {"declared":true,"installed":true,"version":"6.0.1","resolution":"C:\\Users\\Amabella NWANKWO\\food-app\\food-client\\functions\\node_modules\\firebase-functions\\lib\\v2\\index.js"} {"metadata":{"emulator":{"name":"functions"},"function":{"name":"us-central1-api"},"extension":{},"message":"[runtime-status] [17776] Resolved module firebase-functions {\"declared\":true,\"installed\":true,\"version\":\"6.0.1\",\"resolution\":\"C:\\\\Users\\\\Amabella NWANKWO\\\\food-app\\\\food-client\\\\functions\\\\node_modules\\\\firebase-functions\\\\lib\\\\v2\\\\index.js\"}"}}
[debug] [2024-10-18T11:05:48.398Z] [runtime-status] [17776] Outgoing network have been stubbed. [{"name":"http","status":"mocked"},{"name":"http","status":"mocked"},{"name":"https","status":"mocked"},{"name":"https","status":"mocked"},{"name":"net","status":"mocked"}] {"metadata":{"emulator":{"name":"functions"},"function":{"name":"us-central1-api"},"extension":{},"message":"[runtime-status] [17776] Outgoing network have been stubbed. [{\"name\":\"http\",\"status\":\"mocked\"},{\"name\":\"http\",\"status\":\"mocked\"},{\"name\":\"https\",\"status\":\"mocked\"},{\"name\":\"https\",\"status\":\"mocked\"},{\"name\":\"net\",\"status\":\"mocked\"}]"}}
[debug] [2024-10-18T11:05:48.398Z] [runtime-status] [17776] Resolved module firebase-functions {"declared":true,"installed":true,"version":"6.0.1","resolution":"C:\\Users\\Amabella NWANKWO\\food-app\\food-client\\functions\\node_modules\\firebase-functions\\lib\\v2\\index.js"} {"metadata":{"emulator":{"name":"functions"},"function":{"name":"us-central1-api"},"extension":{},"message":"[runtime-status] [17776] Resolved module firebase-functions {\"declared\":true,\"installed\":true,\"version\":\"6.0.1\",\"resolution\":\"C:\\\\Users\\\\Amabella NWANKWO\\\\food-app\\\\food-client\\\\functions\\\\node_modules\\\\firebase-functions\\\\lib\\\\v2\\\\index.js\"}"}}
[debug] [2024-10-18T11:05:48.409Z] [runtime-status] [14572] Resolved module firebase-admin {"declared":true,"installed":true,"version":"12.6.0","resolution":"C:\\Users\\Amabella NWANKWO\\food-app\\food-client\\functions\\node_modules\\firebase-admin\\lib\\index.js"} {"metadata":{"emulator":{"name":"functions"},"function":{"name":"us-central1-api"},"extension":{},"message":"[runtime-status] [14572] Resolved module firebase-admin {\"declared\":true,\"installed\":true,\"version\":\"12.6.0\",\"resolution\":\"C:\\\\Users\\\\Amabella NWANKWO\\\\food-app\\\\food-client\\\\functions\\\\node_modules\\\\firebase-admin\\\\lib\\\\index.js\"}"}}
[debug] [2024-10-18T11:05:48.411Z] [runtime-status] [14572] Resolved module firebase-functions {"declared":true,"installed":true,"version":"6.0.1","resolution":"C:\\Users\\Amabella NWANKWO\\food-app\\food-client\\functions\\node_modules\\firebase-functions\\lib\\v2\\index.js"} {"metadata":{"emulator":{"name":"functions"},"function":{"name":"us-central1-api"},"extension":{},"message":"[runtime-status] [14572] Resolved module firebase-functions {\"declared\":true,\"installed\":true,\"version\":\"6.0.1\",\"resolution\":\"C:\\\\Users\\\\Amabella NWANKWO\\\\food-app\\\\food-client\\\\functions\\\\node_modules\\\\firebase-functions\\\\lib\\\\v2\\\\index.js\"}"}}
[debug] [2024-10-18T11:05:48.412Z] [runtime-status] [14572] Outgoing network have been stubbed. [{"name":"http","status":"mocked"},{"name":"http","status":"mocked"},{"name":"https","status":"mocked"},{"name":"https","status":"mocked"},{"name":"net","status":"mocked"}] {"metadata":{"emulator":{"name":"functions"},"function":{"name":"us-central1-api"},"extension":{},"message":"[runtime-status] [14572] Outgoing network have been stubbed. [{\"name\":\"http\",\"status\":\"mocked\"},{\"name\":\"http\",\"status\":\"mocked\"},{\"name\":\"https\",\"status\":\"mocked\"},{\"name\":\"https\",\"status\":\"mocked\"},{\"name\":\"net\",\"status\":\"mocked\"}]"}}
[debug] [2024-10-18T11:05:48.413Z] [runtime-status] [14572] Resolved module firebase-functions {"declared":true,"installed":true,"version":"6.0.1","resolution":"C:\\Users\\Amabella NWANKWO\\food-app\\food-client\\functions\\node_modules\\firebase-functions\\lib\\v2\\index.js"} {"metadata":{"emulator":{"name":"functions"},"function":{"name":"us-central1-api"},"extension":{},"message":"[runtime-status] [14572] Resolved module firebase-functions {\"declared\":true,\"installed\":true,\"version\":\"6.0.1\",\"resolution\":\"C:\\\\Users\\\\Amabella NWANKWO\\\\food-app\\\\food-client\\\\functions\\\\node_modules\\\\firebase-functions\\\\lib\\\\v2\\\\index.js\"}"}}
[debug] [2024-10-18T11:05:48.998Z] [runtime-status] [12556] Checked functions.config() {"config":{}} {"metadata":{"emulator":{"name":"functions"},"function":{"name":"us-central1-api"},"extension":{},"message":"[runtime-status] [12556] Checked functions.config() {\"config\":{}}"}}
[debug] [2024-10-18T11:05:48.999Z] [runtime-status] [17776] Checked functions.config() {"config":{}} {"metadata":{"emulator":{"name":"functions"},"function":{"name":"us-central1-api"},"extension":{},"message":"[runtime-status] [17776] Checked functions.config() {\"config\":{}}"}}
[debug] [2024-10-18T11:05:48.999Z] [runtime-status] [17776] firebase-functions has been stubbed. {"functionsResolution":{"declared":true,"installed":true,"version":"6.0.1","resolution":"C:\\Users\\Amabella NWANKWO\\food-app\\food-client\\functions\\node_modules\\firebase-functions\\lib\\v2\\index.js"}} {"metadata":{"emulator":{"name":"functions"},"function":{"name":"us-central1-api"},"extension":{},"message":"[runtime-status] [17776] firebase-functions has been stubbed. {\"functionsResolution\":{\"declared\":true,\"installed\":true,\"version\":\"6.0.1\",\"resolution\":\"C:\\\\Users\\\\Amabella NWANKWO\\\\food-app\\\\food-client\\\\functions\\\\node_modules\\\\firebase-functions\\\\lib\\\\v2\\\\index.js\"}}"}}
[debug] [2024-10-18T11:05:48.999Z] [runtime-status] [14572] Checked functions.config() {"config":{}} {"metadata":{"emulator":{"name":"functions"},"function":{"name":"us-central1-api"},"extension":{},"message":"[runtime-status] [14572] Checked functions.config() {\"config\":{}}"}}
[debug] [2024-10-18T11:05:48.999Z] [runtime-status] [14572] firebase-functions has been stubbed. {"functionsResolution":{"declared":true,"installed":true,"version":"6.0.1","resolution":"C:\\Users\\Amabella NWANKWO\\food-app\\food-client\\functions\\node_modules\\firebase-functions\\lib\\v2\\index.js"}} {"metadata":{"emulator":{"name":"functions"},"function":{"name":"us-central1-api"},"extension":{},"message":"[runtime-status] [14572] firebase-functions has been stubbed. {\"functionsResolution\":{\"declared\":true,\"installed\":true,\"version\":\"6.0.1\",\"resolution\":\"C:\\\\Users\\\\Amabella NWANKWO\\\\food-app\\\\food-client\\\\functions\\\\node_modules\\\\firebase-functions\\\\lib\\\\v2\\\\index.js\"}}"}}
[debug] [2024-10-18T11:05:49.000Z] [runtime-status] [12556] firebase-functions has been stubbed. {"functionsResolution":{"declared":true,"installed":true,"version":"6.0.1","resolution":"C:\\Users\\Amabella NWANKWO\\food-app\\food-client\\functions\\node_modules\\firebase-functions\\lib\\v2\\index.js"}} {"metadata":{"emulator":{"name":"functions"},"function":{"name":"us-central1-api"},"extension":{},"message":"[runtime-status] [12556] firebase-functions has been stubbed. {\"functionsResolution\":{\"declared\":true,\"installed\":true,\"version\":\"6.0.1\",\"resolution\":\"C:\\\\Users\\\\Amabella NWANKWO\\\\food-app\\\\food-client\\\\functions\\\\node_modules\\\\firebase-functions\\\\lib\\\\v2\\\\index.js\"}}"}}
[debug] [2024-10-18T11:05:49.000Z] [runtime-status] [12556] Resolved module firebase-functions {"declared":true,"installed":true,"version":"6.0.1","resolution":"C:\\Users\\Amabella NWANKWO\\food-app\\food-client\\functions\\node_modules\\firebase-functions\\lib\\v2\\index.js"} {"metadata":{"emulator":{"name":"functions"},"function":{"name":"us-central1-api"},"extension":{},"message":"[runtime-status] [12556] Resolved module firebase-functions {\"declared\":true,\"installed\":true,\"version\":\"6.0.1\",\"resolution\":\"C:\\\\Users\\\\Amabella NWANKWO\\\\food-app\\\\food-client\\\\functions\\\\node_modules\\\\firebase-functions\\\\lib\\\\v2\\\\index.js\"}"}}
[debug] [2024-10-18T11:05:49.000Z] [runtime-status] [17776] Resolved module firebase-functions {"declared":true,"installed":true,"version":"6.0.1","resolution":"C:\\Users\\Amabella NWANKWO\\food-app\\food-client\\functions\\node_modules\\firebase-functions\\lib\\v2\\index.js"} {"metadata":{"emulator":{"name":"functions"},"function":{"name":"us-central1-api"},"extension":{},"message":"[runtime-status] [17776] Resolved module firebase-functions {\"declared\":true,\"installed\":true,\"version\":\"6.0.1\",\"resolution\":\"C:\\\\Users\\\\Amabella NWANKWO\\\\food-app\\\\food-client\\\\functions\\\\node_modules\\\\firebase-functions\\\\lib\\\\v2\\\\index.js\"}"}}
[debug] [2024-10-18T11:05:49.000Z] [runtime-status] [14572] Resolved module firebase-functions {"declared":true,"installed":true,"version":"6.0.1","resolution":"C:\\Users\\Amabella NWANKWO\\food-app\\food-client\\functions\\node_modules\\firebase-functions\\lib\\v2\\index.js"} {"metadata":{"emulator":{"name":"functions"},"function":{"name":"us-central1-api"},"extension":{},"message":"[runtime-status] [14572] Resolved module firebase-functions {\"declared\":true,\"installed\":true,\"version\":\"6.0.1\",\"resolution\":\"C:\\\\Users\\\\Amabella NWANKWO\\\\food-app\\\\food-client\\\\functions\\\\node_modules\\\\firebase-functions\\\\lib\\\\v2\\\\index.js\"}"}}
[debug] [2024-10-18T11:05:49.005Z] [runtime-status] [17776] Resolved module firebase-admin {"declared":true,"installed":true,"version":"12.6.0","resolution":"C:\\Users\\Amabella NWANKWO\\food-app\\food-client\\functions\\node_modules\\firebase-admin\\lib\\index.js"} {"metadata":{"emulator":{"name":"functions"},"function":{"name":"us-central1-api"},"extension":{},"message":"[runtime-status] [17776] Resolved module firebase-admin {\"declared\":true,\"installed\":true,\"version\":\"12.6.0\",\"resolution\":\"C:\\\\Users\\\\Amabella NWANKWO\\\\food-app\\\\food-client\\\\functions\\\\node_modules\\\\firebase-admin\\\\lib\\\\index.js\"}"}}
[debug] [2024-10-18T11:05:49.005Z] [runtime-status] [12556] Resolved module firebase-admin {"declared":true,"installed":true,"version":"12.6.0","resolution":"C:\\Users\\Amabella NWANKWO\\food-app\\food-client\\functions\\node_modules\\firebase-admin\\lib\\index.js"} {"metadata":{"emulator":{"name":"functions"},"function":{"name":"us-central1-api"},"extension":{},"message":"[runtime-status] [12556] Resolved module firebase-admin {\"declared\":true,\"installed\":true,\"version\":\"12.6.0\",\"resolution\":\"C:\\\\Users\\\\Amabella NWANKWO\\\\food-app\\\\food-client\\\\functions\\\\node_modules\\\\firebase-admin\\\\lib\\\\index.js\"}"}}
[debug] [2024-10-18T11:05:49.005Z] [runtime-status] [14572] Resolved module firebase-admin {"declared":true,"installed":true,"version":"12.6.0","resolution":"C:\\Users\\Amabella NWANKWO\\food-app\\food-client\\functions\\node_modules\\firebase-admin\\lib\\index.js"} {"metadata":{"emulator":{"name":"functions"},"function":{"name":"us-central1-api"},"extension":{},"message":"[runtime-status] [14572] Resolved module firebase-admin {\"declared\":true,\"installed\":true,\"version\":\"12.6.0\",\"resolution\":\"C:\\\\Users\\\\Amabella NWANKWO\\\\food-app\\\\food-client\\\\functions\\\\node_modules\\\\firebase-admin\\\\lib\\\\index.js\"}"}}
[debug] [2024-10-18T11:05:49.009Z] [runtime-status] [17776] Resolved module firebase-functions {"declared":true,"installed":true,"version":"6.0.1","resolution":"C:\\Users\\Amabella NWANKWO\\food-app\\food-client\\functions\\node_modules\\firebase-functions\\lib\\v2\\index.js"} {"metadata":{"emulator":{"name":"functions"},"function":{"name":"us-central1-api"},"extension":{},"message":"[runtime-status] [17776] Resolved module firebase-functions {\"declared\":true,\"installed\":true,\"version\":\"6.0.1\",\"resolution\":\"C:\\\\Users\\\\Amabella NWANKWO\\\\food-app\\\\food-client\\\\functions\\\\node_modules\\\\firebase-functions\\\\lib\\\\v2\\\\index.js\"}"}}
[debug] [2024-10-18T11:05:49.011Z] [runtime-status] [17776] firebase-admin has been stubbed. {"adminResolution":{"declared":true,"installed":true,"version":"12.6.0","resolution":"C:\\Users\\Amabella NWANKWO\\food-app\\food-client\\functions\\node_modules\\firebase-admin\\lib\\index.js"}} {"metadata":{"emulator":{"name":"functions"},"function":{"name":"us-central1-api"},"extension":{},"message":"[runtime-status] [17776] firebase-admin has been stubbed. {\"adminResolution\":{\"declared\":true,\"installed\":true,\"version\":\"12.6.0\",\"resolution\":\"C:\\\\Users\\\\Amabella NWANKWO\\\\food-app\\\\food-client\\\\functions\\\\node_modules\\\\firebase-admin\\\\lib\\\\index.js\"}}"}}
[debug] [2024-10-18T11:05:49.011Z] [runtime-status] [12556] Resolved module firebase-functions {"declared":true,"installed":true,"version":"6.0.1","resolution":"C:\\Users\\Amabella NWANKWO\\food-app\\food-client\\functions\\node_modules\\firebase-functions\\lib\\v2\\index.js"} {"metadata":{"emulator":{"name":"functions"},"function":{"name":"us-central1-api"},"extension":{},"message":"[runtime-status] [12556] Resolved module firebase-functions {\"declared\":true,\"installed\":true,\"version\":\"6.0.1\",\"resolution\":\"C:\\\\Users\\\\Amabella NWANKWO\\\\food-app\\\\food-client\\\\functions\\\\node_modules\\\\firebase-functions\\\\lib\\\\v2\\\\index.js\"}"}}
[debug] [2024-10-18T11:05:49.011Z] [runtime-status] [12556] firebase-admin has been stubbed. {"adminResolution":{"declared":true,"installed":true,"version":"12.6.0","resolution":"C:\\Users\\Amabella NWANKWO\\food-app\\food-client\\functions\\node_modules\\firebase-admin\\lib\\index.js"}} {"metadata":{"emulator":{"name":"functions"},"function":{"name":"us-central1-api"},"extension":{},"message":"[runtime-status] [12556] firebase-admin has been stubbed. {\"adminResolution\":{\"declared\":true,\"installed\":true,\"version\":\"12.6.0\",\"resolution\":\"C:\\\\Users\\\\Amabella NWANKWO\\\\food-app\\\\food-client\\\\functions\\\\node_modules\\\\firebase-admin\\\\lib\\\\index.js\"}}"}}
[debug] [2024-10-18T11:05:49.011Z] [runtime-status] [14572] Resolved module firebase-functions {"declared":true,"installed":true,"version":"6.0.1","resolution":"C:\\Users\\Amabella NWANKWO\\food-app\\food-client\\functions\\node_modules\\firebase-functions\\lib\\v2\\index.js"} {"metadata":{"emulator":{"name":"functions"},"function":{"name":"us-central1-api"},"extension":{},"message":"[runtime-status] [14572] Resolved module firebase-functions {\"declared\":true,\"installed\":true,\"version\":\"6.0.1\",\"resolution\":\"C:\\\\Users\\\\Amabella NWANKWO\\\\food-app\\\\food-client\\\\functions\\\\node_modules\\\\firebase-functions\\\\lib\\\\v2\\\\index.js\"}"}}
[debug] [2024-10-18T11:05:49.011Z] [runtime-status] [14572] firebase-admin has been stubbed. {"adminResolution":{"declared":true,"installed":true,"version":"12.6.0","resolution":"C:\\Users\\Amabella NWANKWO\\food-app\\food-client\\functions\\node_modules\\firebase-admin\\lib\\index.js"}} {"metadata":{"emulator":{"name":"functions"},"function":{"name":"us-central1-api"},"extension":{},"message":"[runtime-status] [14572] firebase-admin has been stubbed. {\"adminResolution\":{\"declared\":true,\"installed\":true,\"version\":\"12.6.0\",\"resolution\":\"C:\\\\Users\\\\Amabella NWANKWO\\\\food-app\\\\food-client\\\\functions\\\\node_modules\\\\firebase-admin\\\\lib\\\\index.js\"}}"}}
[debug] [2024-10-18T11:05:49.333Z] [runtime-status] [17776] Functions runtime initialized. {"cwd":"C:\\Users\\Amabella NWANKWO\\food-app\\food-client\\functions","node_version":"20.10.0"} {"metadata":{"emulator":{"name":"functions"},"function":{"name":"us-central1-api"},"extension":{},"message":"[runtime-status] [17776] Functions runtime initialized. {\"cwd\":\"C:\\\\Users\\\\Amabella NWANKWO\\\\food-app\\\\food-client\\\\functions\",\"node_version\":\"20.10.0\"}"}}
[debug] [2024-10-18T11:05:49.334Z] [runtime-status] [17776] Listening to port: \\?\pipe\fire_emu_f03fe9d76ac91358 {"metadata":{"emulator":{"name":"functions"},"function":{"name":"us-central1-api"},"extension":{},"message":"[runtime-status] [17776] Listening to port: \\\\?\\pipe\\fire_emu_f03fe9d76ac91358"}}
[debug] [2024-10-18T11:05:49.338Z] [runtime-status] [14572] Functions runtime initialized. {"cwd":"C:\\Users\\Amabella NWANKWO\\food-app\\food-client\\functions","node_version":"20.10.0"} {"metadata":{"emulator":{"name":"functions"},"function":{"name":"us-central1-api"},"extension":{},"message":"[runtime-status] [14572] Functions runtime initialized. {\"cwd\":\"C:\\\\Users\\\\Amabella NWANKWO\\\\food-app\\\\food-client\\\\functions\",\"node_version\":\"20.10.0\"}"}}
[debug] [2024-10-18T11:05:49.339Z] [runtime-status] [14572] Listening to port: \\?\pipe\fire_emu_1057c18960d51f9e {"metadata":{"emulator":{"name":"functions"},"function":{"name":"us-central1-api"},"extension":{},"message":"[runtime-status] [14572] Listening to port: \\\\?\\pipe\\fire_emu_1057c18960d51f9e"}}
[debug] [2024-10-18T11:05:49.356Z] [runtime-status] [12556] Functions runtime initialized. {"cwd":"C:\\Users\\Amabella NWANKWO\\food-app\\food-client\\functions","node_version":"20.10.0"} {"metadata":{"emulator":{"name":"functions"},"function":{"name":"us-central1-api"},"extension":{},"message":"[runtime-status] [12556] Functions runtime initialized. {\"cwd\":\"C:\\\\Users\\\\Amabella NWANKWO\\\\food-app\\\\food-client\\\\functions\",\"node_version\":\"20.10.0\"}"}}
[debug] [2024-10-18T11:05:49.356Z] [runtime-status] [12556] Listening to port: \\?\pipe\fire_emu_51583e4bdb573535 {"metadata":{"emulator":{"name":"functions"},"function":{"name":"us-central1-api"},"extension":{},"message":"[runtime-status] [12556] Listening to port: \\\\?\\pipe\\fire_emu_51583e4bdb573535"}}
[debug] [2024-10-18T11:05:49.382Z] [worker-us-central1-api-8880ab35-aa12-4eb0-963e-f73385f00896]: IDLE {"metadata":{"emulator":{"name":"functions"},"function":{"name":"us-central1-api"},"extension":{},"message":"[worker-us-central1-api-8880ab35-aa12-4eb0-963e-f73385f00896]: IDLE"}}
[debug] [2024-10-18T11:05:49.383Z] [worker-pool] submitRequest(triggerId=us-central1-api) {"metadata":{"emulator":{"name":"functions"},"message":"[worker-pool] submitRequest(triggerId=us-central1-api)"}}
[info] i  functions: Beginning execution of "us-central1-api" {"metadata":{"emulator":{"name":"functions"},"function":{"name":"us-central1-api"},"extension":{},"message":"Beginning execution of \"us-central1-api\""}}
[debug] [2024-10-18T11:05:49.384Z] [worker-us-central1-api-8880ab35-aa12-4eb0-963e-f73385f00896]: BUSY {"metadata":{"emulator":{"name":"functions"},"function":{"name":"us-central1-api"},"extension":{},"message":"[worker-us-central1-api-8880ab35-aa12-4eb0-963e-f73385f00896]: BUSY"}}
[debug] [2024-10-18T11:05:49.386Z] [worker-us-central1-api-ee3e0482-9ac0-46d5-9a0a-c11b5dc581cc]: IDLE {"metadata":{"emulator":{"name":"functions"},"function":{"name":"us-central1-api"},"extension":{},"message":"[worker-us-central1-api-ee3e0482-9ac0-46d5-9a0a-c11b5dc581cc]: IDLE"}}
[debug] [2024-10-18T11:05:49.386Z] [worker-pool] submitRequest(triggerId=us-central1-api) {"metadata":{"emulator":{"name":"functions"},"message":"[worker-pool] submitRequest(triggerId=us-central1-api)"}}
[info] i  functions: Beginning execution of "us-central1-api" {"metadata":{"emulator":{"name":"functions"},"function":{"name":"us-central1-api"},"extension":{},"message":"Beginning execution of \"us-central1-api\""}}
[debug] [2024-10-18T11:05:49.387Z] [worker-us-central1-api-ee3e0482-9ac0-46d5-9a0a-c11b5dc581cc]: BUSY {"metadata":{"emulator":{"name":"functions"},"function":{"name":"us-central1-api"},"extension":{},"message":"[worker-us-central1-api-ee3e0482-9ac0-46d5-9a0a-c11b5dc581cc]: BUSY"}}
[info] >  payment Request Received BOOM!!! for this amount >>>  70198 {"user":"payment Request Received BOOM!!! for this amount >>>  70198","metadata":{"emulator":{"name":"functions"},"function":{"name":"us-central1-api"},"extension":{},"message":"\u001b[90m> \u001b[39m payment Request Received BOOM!!! for this amount >>>  70198"}}
[info] >  payment Request Received BOOM!!! for this amount >>>  70198 {"user":"payment Request Received BOOM!!! for this amount >>>  70198","metadata":{"emulator":{"name":"functions"},"function":{"name":"us-central1-api"},"extension":{},"message":"\u001b[90m> \u001b[39m payment Request Received BOOM!!! for this amount >>>  70198"}}
[debug] [2024-10-18T11:05:49.425Z] [worker-us-central1-api-16a6896f-6587-4f94-93c2-1ee79c53e4b5]: IDLE {"metadata":{"emulator":{"name":"functions"},"function":{"name":"us-central1-api"},"extension":{},"message":"[worker-us-central1-api-16a6896f-6587-4f94-93c2-1ee79c53e4b5]: IDLE"}}
[debug] [2024-10-18T11:05:49.426Z] [worker-pool] submitRequest(triggerId=us-central1-api) {"metadata":{"emulator":{"name":"functions"},"message":"[worker-pool] submitRequest(triggerId=us-central1-api)"}}
[info] i  functions: Beginning execution of "us-central1-api" {"metadata":{"emulator":{"name":"functions"},"function":{"name":"us-central1-api"},"extension":{},"message":"Beginning execution of \"us-central1-api\""}}
[debug] [2024-10-18T11:05:49.427Z] [worker-us-central1-api-16a6896f-6587-4f94-93c2-1ee79c53e4b5]: BUSY {"metadata":{"emulator":{"name":"functions"},"function":{"name":"us-central1-api"},"extension":{},"message":"[worker-us-central1-api-16a6896f-6587-4f94-93c2-1ee79c53e4b5]: BUSY"}}
[info] >  payment Request Received BOOM!!! for this amount >>>  70198 {"user":"payment Request Received BOOM!!! for this amount >>>  70198","metadata":{"emulator":{"name":"functions"},"function":{"name":"us-central1-api"},"extension":{},"message":"\u001b[90m> \u001b[39m payment Request Received BOOM!!! for this amount >>>  70198"}}
[debug] [2024-10-18T11:05:50.343Z] Finishing up request with event=pause {"metadata":{"emulator":{"name":"functions"},"function":{"name":"us-central1-api"},"extension":{},"message":"Finishing up request with event=pause"}}
[info] i  functions: Finished "us-central1-api" in 956.4441ms {"metadata":{"emulator":{"name":"functions"},"function":{"name":"us-central1-api"},"extension":{},"message":"Finished \"us-central1-api\" in 956.4441ms"}}
[debug] [2024-10-18T11:05:50.344Z] [worker-us-central1-api-ee3e0482-9ac0-46d5-9a0a-c11b5dc581cc]: IDLE {"metadata":{"emulator":{"name":"functions"},"function":{"name":"us-central1-api"},"extension":{},"message":"[worker-us-central1-api-ee3e0482-9ac0-46d5-9a0a-c11b5dc581cc]: IDLE"}}
[debug] [2024-10-18T11:05:50.345Z] Finishing up request with event=finish {"metadata":{"emulator":{"name":"functions"},"function":{"name":"us-central1-api"},"extension":{},"message":"Finishing up request with event=finish"}}
[debug] [2024-10-18T11:05:50.345Z] Finishing up request with event=close {"metadata":{"emulator":{"name":"functions"},"function":{"name":"us-central1-api"},"extension":{},"message":"Finishing up request with event=close"}}
[debug] [2024-10-18T11:05:50.345Z] [work-queue] {"queuedWork":[],"queueLength":0,"runningWork":["/dulcia-app/us-central1/api/payments/create-2024-10-18T11:05:46.268Z","/dulcia-app/us-central1/api/payments/create-2024-10-18T11:05:46.334Z"],"workRunningCount":2}
[debug] [2024-10-18T11:05:50.373Z] Finishing up request with event=pause {"metadata":{"emulator":{"name":"functions"},"function":{"name":"us-central1-api"},"extension":{},"message":"Finishing up request with event=pause"}}
[info] i  functions: Finished "us-central1-api" in 946.6211ms {"metadata":{"emulator":{"name":"functions"},"function":{"name":"us-central1-api"},"extension":{},"message":"Finished \"us-central1-api\" in 946.6211ms"}}
[debug] [2024-10-18T11:05:50.374Z] [worker-us-central1-api-16a6896f-6587-4f94-93c2-1ee79c53e4b5]: IDLE {"metadata":{"emulator":{"name":"functions"},"function":{"name":"us-central1-api"},"extension":{},"message":"[worker-us-central1-api-16a6896f-6587-4f94-93c2-1ee79c53e4b5]: IDLE"}}
[debug] [2024-10-18T11:05:50.374Z] Finishing up request with event=finish {"metadata":{"emulator":{"name":"functions"},"function":{"name":"us-central1-api"},"extension":{},"message":"Finishing up request with event=finish"}}
[debug] [2024-10-18T11:05:50.374Z] Finishing up request with event=close {"metadata":{"emulator":{"name":"functions"},"function":{"name":"us-central1-api"},"extension":{},"message":"Finishing up request with event=close"}}
[debug] [2024-10-18T11:05:50.374Z] [work-queue] {"queuedWork":[],"queueLength":0,"runningWork":["/dulcia-app/us-central1/api/payments/create-2024-10-18T11:05:46.334Z"],"workRunningCount":1}
[debug] [2024-10-18T11:05:50.378Z] Finishing up request with event=pause {"metadata":{"emulator":{"name":"functions"},"function":{"name":"us-central1-api"},"extension":{},"message":"Finishing up request with event=pause"}}
[info] i  functions: Finished "us-central1-api" in 994.0029ms {"metadata":{"emulator":{"name":"functions"},"function":{"name":"us-central1-api"},"extension":{},"message":"Finished \"us-central1-api\" in 994.0029ms"}}
[debug] [2024-10-18T11:05:50.379Z] [worker-us-central1-api-8880ab35-aa12-4eb0-963e-f73385f00896]: IDLE {"metadata":{"emulator":{"name":"functions"},"function":{"name":"us-central1-api"},"extension":{},"message":"[worker-us-central1-api-8880ab35-aa12-4eb0-963e-f73385f00896]: IDLE"}}
[debug] [2024-10-18T11:05:50.379Z] Finishing up request with event=finish {"metadata":{"emulator":{"name":"functions"},"function":{"name":"us-central1-api"},"extension":{},"message":"Finishing up request with event=finish"}}
[debug] [2024-10-18T11:05:50.380Z] Finishing up request with event=close {"metadata":{"emulator":{"name":"functions"},"function":{"name":"us-central1-api"},"extension":{},"message":"Finishing up request with event=close"}}
[debug] [2024-10-18T11:05:50.380Z] [work-queue] {"queuedWork":[],"queueLength":0,"runningWork":[],"workRunningCount":0}
[debug] [2024-10-18T11:07:36.949Z] [work-queue] {"queuedWork":["/dulcia-app/us-central1/api/payments/create-2024-10-18T11:07:36.949Z"],"queueLength":1,"runningWork":[],"workRunningCount":0}
[debug] [2024-10-18T11:07:36.949Z] [work-queue] {"queuedWork":[],"queueLength":0,"runningWork":["/dulcia-app/us-central1/api/payments/create-2024-10-18T11:07:36.949Z"],"workRunningCount":1}
[debug] [2024-10-18T11:07:36.950Z] Accepted request POST /dulcia-app/us-central1/api/payments/create?total=1065176 --> us-central1-api
[debug] [2024-10-18T11:07:36.956Z] [functions] Runtime ready! Sending request! {"metadata":{"emulator":{"name":"functions"},"message":"[functions] Runtime ready! Sending request!"}}
[debug] [2024-10-18T11:07:36.957Z] [functions] Got req.url=/dulcia-app/us-central1/api/payments/create?total=1065176, mapping to path=/payments/create?total=1065176 {"metadata":{"emulator":{"name":"functions"},"message":"[functions] Got req.url=/dulcia-app/us-central1/api/payments/create?total=1065176, mapping to path=/payments/create?total=1065176"}}
[debug] [2024-10-18T11:07:36.957Z] [worker-pool] submitRequest(triggerId=us-central1-api) {"metadata":{"emulator":{"name":"functions"},"message":"[worker-pool] submitRequest(triggerId=us-central1-api)"}}
[info] i  functions: Beginning execution of "us-central1-api" {"metadata":{"emulator":{"name":"functions"},"function":{"name":"us-central1-api"},"extension":{},"message":"Beginning execution of \"us-central1-api\""}}
[debug] [2024-10-18T11:07:36.959Z] [worker-us-central1-api-16a6896f-6587-4f94-93c2-1ee79c53e4b5]: BUSY {"metadata":{"emulator":{"name":"functions"},"function":{"name":"us-central1-api"},"extension":{},"message":"[worker-us-central1-api-16a6896f-6587-4f94-93c2-1ee79c53e4b5]: BUSY"}}
[debug] [2024-10-18T11:07:36.962Z] [work-queue] {"queuedWork":["/dulcia-app/us-central1/api/payments/create-2024-10-18T11:07:36.962Z"],"queueLength":1,"runningWork":["/dulcia-app/us-central1/api/payments/create-2024-10-18T11:07:36.949Z"],"workRunningCount":1}
[debug] [2024-10-18T11:07:36.963Z] [work-queue] {"queuedWork":[],"queueLength":0,"runningWork":["/dulcia-app/us-central1/api/payments/create-2024-10-18T11:07:36.949Z","/dulcia-app/us-central1/api/payments/create-2024-10-18T11:07:36.962Z"],"workRunningCount":2}
[debug] [2024-10-18T11:07:36.963Z] Accepted request POST /dulcia-app/us-central1/api/payments/create?total=1065176 --> us-central1-api
[debug] [2024-10-18T11:07:36.969Z] [functions] Runtime ready! Sending request! {"metadata":{"emulator":{"name":"functions"},"message":"[functions] Runtime ready! Sending request!"}}
[debug] [2024-10-18T11:07:36.969Z] [functions] Got req.url=/dulcia-app/us-central1/api/payments/create?total=1065176, mapping to path=/payments/create?total=1065176 {"metadata":{"emulator":{"name":"functions"},"message":"[functions] Got req.url=/dulcia-app/us-central1/api/payments/create?total=1065176, mapping to path=/payments/create?total=1065176"}}
[debug] [2024-10-18T11:07:36.970Z] [worker-pool] submitRequest(triggerId=us-central1-api) {"metadata":{"emulator":{"name":"functions"},"message":"[worker-pool] submitRequest(triggerId=us-central1-api)"}}
[info] i  functions: Beginning execution of "us-central1-api" {"metadata":{"emulator":{"name":"functions"},"function":{"name":"us-central1-api"},"extension":{},"message":"Beginning execution of \"us-central1-api\""}}
[debug] [2024-10-18T11:07:36.971Z] [worker-us-central1-api-ee3e0482-9ac0-46d5-9a0a-c11b5dc581cc]: BUSY {"metadata":{"emulator":{"name":"functions"},"function":{"name":"us-central1-api"},"extension":{},"message":"[worker-us-central1-api-ee3e0482-9ac0-46d5-9a0a-c11b5dc581cc]: BUSY"}}
[info] >  payment Request Received BOOM!!! for this amount >>>  1065176 {"user":"payment Request Received BOOM!!! for this amount >>>  1065176","metadata":{"emulator":{"name":"functions"},"function":{"name":"us-central1-api"},"extension":{},"message":"\u001b[90m> \u001b[39m payment Request Received BOOM!!! for this amount >>>  1065176"}}
[debug] [2024-10-18T11:07:36.976Z] [work-queue] {"queuedWork":["/dulcia-app/us-central1/api/payments/create-2024-10-18T11:07:36.976Z"],"queueLength":1,"runningWork":["/dulcia-app/us-central1/api/payments/create-2024-10-18T11:07:36.949Z","/dulcia-app/us-central1/api/payments/create-2024-10-18T11:07:36.962Z"],"workRunningCount":2}
[debug] [2024-10-18T11:07:36.976Z] [work-queue] {"queuedWork":[],"queueLength":0,"runningWork":["/dulcia-app/us-central1/api/payments/create-2024-10-18T11:07:36.949Z","/dulcia-app/us-central1/api/payments/create-2024-10-18T11:07:36.962Z","/dulcia-app/us-central1/api/payments/create-2024-10-18T11:07:36.976Z"],"workRunningCount":3}
[debug] [2024-10-18T11:07:36.976Z] Accepted request POST /dulcia-app/us-central1/api/payments/create?total=1065176 --> us-central1-api
[debug] [2024-10-18T11:07:36.981Z] [functions] Runtime ready! Sending request! {"metadata":{"emulator":{"name":"functions"},"message":"[functions] Runtime ready! Sending request!"}}
[debug] [2024-10-18T11:07:36.981Z] [functions] Got req.url=/dulcia-app/us-central1/api/payments/create?total=1065176, mapping to path=/payments/create?total=1065176 {"metadata":{"emulator":{"name":"functions"},"message":"[functions] Got req.url=/dulcia-app/us-central1/api/payments/create?total=1065176, mapping to path=/payments/create?total=1065176"}}
[debug] [2024-10-18T11:07:36.982Z] [worker-pool] submitRequest(triggerId=us-central1-api) {"metadata":{"emulator":{"name":"functions"},"message":"[worker-pool] submitRequest(triggerId=us-central1-api)"}}
[info] i  functions: Beginning execution of "us-central1-api" {"metadata":{"emulator":{"name":"functions"},"function":{"name":"us-central1-api"},"extension":{},"message":"Beginning execution of \"us-central1-api\""}}
[debug] [2024-10-18T11:07:36.984Z] [worker-us-central1-api-8880ab35-aa12-4eb0-963e-f73385f00896]: BUSY {"metadata":{"emulator":{"name":"functions"},"function":{"name":"us-central1-api"},"extension":{},"message":"[worker-us-central1-api-8880ab35-aa12-4eb0-963e-f73385f00896]: BUSY"}}
[info] >  payment Request Received BOOM!!! for this amount >>>  1065176 {"user":"payment Request Received BOOM!!! for this amount >>>  1065176","metadata":{"emulator":{"name":"functions"},"function":{"name":"us-central1-api"},"extension":{},"message":"\u001b[90m> \u001b[39m payment Request Received BOOM!!! for this amount >>>  1065176"}}
[info] >  payment Request Received BOOM!!! for this amount >>>  1065176 {"user":"payment Request Received BOOM!!! for this amount >>>  1065176","metadata":{"emulator":{"name":"functions"},"function":{"name":"us-central1-api"},"extension":{},"message":"\u001b[90m> \u001b[39m payment Request Received BOOM!!! for this amount >>>  1065176"}}
[debug] [2024-10-18T11:07:38.022Z] Finishing up request with event=pause {"metadata":{"emulator":{"name":"functions"},"function":{"name":"us-central1-api"},"extension":{},"message":"Finishing up request with event=pause"}}
[info] i  functions: Finished "us-central1-api" in 1052.1041ms {"metadata":{"emulator":{"name":"functions"},"function":{"name":"us-central1-api"},"extension":{},"message":"Finished \"us-central1-api\" in 1052.1041ms"}}
[debug] [2024-10-18T11:07:38.023Z] [worker-us-central1-api-ee3e0482-9ac0-46d5-9a0a-c11b5dc581cc]: IDLE {"metadata":{"emulator":{"name":"functions"},"function":{"name":"us-central1-api"},"extension":{},"message":"[worker-us-central1-api-ee3e0482-9ac0-46d5-9a0a-c11b5dc581cc]: IDLE"}}
[debug] [2024-10-18T11:07:38.024Z] Finishing up request with event=finish {"metadata":{"emulator":{"name":"functions"},"function":{"name":"us-central1-api"},"extension":{},"message":"Finishing up request with event=finish"}}
[debug] [2024-10-18T11:07:38.024Z] Finishing up request with event=close {"metadata":{"emulator":{"name":"functions"},"function":{"name":"us-central1-api"},"extension":{},"message":"Finishing up request with event=close"}}
[debug] [2024-10-18T11:07:38.024Z] [work-queue] {"queuedWork":[],"queueLength":0,"runningWork":["/dulcia-app/us-central1/api/payments/create-2024-10-18T11:07:36.949Z","/dulcia-app/us-central1/api/payments/create-2024-10-18T11:07:36.976Z"],"workRunningCount":2}
[debug] [2024-10-18T11:07:38.026Z] Finishing up request with event=pause {"metadata":{"emulator":{"name":"functions"},"function":{"name":"us-central1-api"},"extension":{},"message":"Finishing up request with event=pause"}}
[info] i  functions: Finished "us-central1-api" in 1042.0366ms {"metadata":{"emulator":{"name":"functions"},"function":{"name":"us-central1-api"},"extension":{},"message":"Finished \"us-central1-api\" in 1042.0366ms"}}
[debug] [2024-10-18T11:07:38.027Z] [worker-us-central1-api-8880ab35-aa12-4eb0-963e-f73385f00896]: IDLE {"metadata":{"emulator":{"name":"functions"},"function":{"name":"us-central1-api"},"extension":{},"message":"[worker-us-central1-api-8880ab35-aa12-4eb0-963e-f73385f00896]: IDLE"}}
[debug] [2024-10-18T11:07:38.027Z] Finishing up request with event=finish {"metadata":{"emulator":{"name":"functions"},"function":{"name":"us-central1-api"},"extension":{},"message":"Finishing up request with event=finish"}}
[debug] [2024-10-18T11:07:38.027Z] Finishing up request with event=close {"metadata":{"emulator":{"name":"functions"},"function":{"name":"us-central1-api"},"extension":{},"message":"Finishing up request with event=close"}}
[debug] [2024-10-18T11:07:38.027Z] [work-queue] {"queuedWork":[],"queueLength":0,"runningWork":["/dulcia-app/us-central1/api/payments/create-2024-10-18T11:07:36.949Z"],"workRunningCount":1}
[debug] [2024-10-18T11:07:38.076Z] Finishing up request with event=pause {"metadata":{"emulator":{"name":"functions"},"function":{"name":"us-central1-api"},"extension":{},"message":"Finishing up request with event=pause"}}
[info] i  functions: Finished "us-central1-api" in 1118.0147ms {"metadata":{"emulator":{"name":"functions"},"function":{"name":"us-central1-api"},"extension":{},"message":"Finished \"us-central1-api\" in 1118.0147ms"}}
[debug] [2024-10-18T11:07:38.078Z] [worker-us-central1-api-16a6896f-6587-4f94-93c2-1ee79c53e4b5]: IDLE {"metadata":{"emulator":{"name":"functions"},"function":{"name":"us-central1-api"},"extension":{},"message":"[worker-us-central1-api-16a6896f-6587-4f94-93c2-1ee79c53e4b5]: IDLE"}}
[debug] [2024-10-18T11:07:38.078Z] Finishing up request with event=finish {"metadata":{"emulator":{"name":"functions"},"function":{"name":"us-central1-api"},"extension":{},"message":"Finishing up request with event=finish"}}
[debug] [2024-10-18T11:07:38.078Z] Finishing up request with event=close {"metadata":{"emulator":{"name":"functions"},"function":{"name":"us-central1-api"},"extension":{},"message":"Finishing up request with event=close"}}
[debug] [2024-10-18T11:07:38.078Z] [work-queue] {"queuedWork":[],"queueLength":0,"runningWork":[],"workRunningCount":0}
[debug] [2024-10-18T12:36:01.238Z] [work-queue] {"queuedWork":["/dulcia-app/us-central1/api/payments/create-2024-10-18T12:36:01.230Z"],"queueLength":1,"runningWork":[],"workRunningCount":0}
[debug] [2024-10-18T12:36:01.251Z] [work-queue] {"queuedWork":[],"queueLength":0,"runningWork":["/dulcia-app/us-central1/api/payments/create-2024-10-18T12:36:01.230Z"],"workRunningCount":1}
[debug] [2024-10-18T12:36:01.252Z] Accepted request POST /dulcia-app/us-central1/api/payments/create?total=150066 --> us-central1-api
[debug] [2024-10-18T12:36:01.287Z] [functions] Runtime ready! Sending request! {"metadata":{"emulator":{"name":"functions"},"message":"[functions] Runtime ready! Sending request!"}}
[debug] [2024-10-18T12:36:01.289Z] [functions] Got req.url=/dulcia-app/us-central1/api/payments/create?total=150066, mapping to path=/payments/create?total=150066 {"metadata":{"emulator":{"name":"functions"},"message":"[functions] Got req.url=/dulcia-app/us-central1/api/payments/create?total=150066, mapping to path=/payments/create?total=150066"}}
[debug] [2024-10-18T12:36:01.291Z] [worker-pool] submitRequest(triggerId=us-central1-api) {"metadata":{"emulator":{"name":"functions"},"message":"[worker-pool] submitRequest(triggerId=us-central1-api)"}}
[info] i  functions: Beginning execution of "us-central1-api" {"metadata":{"emulator":{"name":"functions"},"function":{"name":"us-central1-api"},"extension":{},"message":"Beginning execution of \"us-central1-api\""}}
[debug] [2024-10-18T12:36:01.298Z] [worker-us-central1-api-16a6896f-6587-4f94-93c2-1ee79c53e4b5]: BUSY {"metadata":{"emulator":{"name":"functions"},"function":{"name":"us-central1-api"},"extension":{},"message":"[worker-us-central1-api-16a6896f-6587-4f94-93c2-1ee79c53e4b5]: BUSY"}}
[debug] [2024-10-18T12:36:01.305Z] [work-queue] {"queuedWork":["/dulcia-app/us-central1/api/payments/create-2024-10-18T12:36:01.305Z"],"queueLength":1,"runningWork":["/dulcia-app/us-central1/api/payments/create-2024-10-18T12:36:01.230Z"],"workRunningCount":1}
[debug] [2024-10-18T12:36:01.305Z] [work-queue] {"queuedWork":[],"queueLength":0,"runningWork":["/dulcia-app/us-central1/api/payments/create-2024-10-18T12:36:01.230Z","/dulcia-app/us-central1/api/payments/create-2024-10-18T12:36:01.305Z"],"workRunningCount":2}
[debug] [2024-10-18T12:36:01.305Z] Accepted request POST /dulcia-app/us-central1/api/payments/create?total=150066 --> us-central1-api
[debug] [2024-10-18T12:36:01.311Z] [functions] Runtime ready! Sending request! {"metadata":{"emulator":{"name":"functions"},"message":"[functions] Runtime ready! Sending request!"}}
[debug] [2024-10-18T12:36:01.311Z] [functions] Got req.url=/dulcia-app/us-central1/api/payments/create?total=150066, mapping to path=/payments/create?total=150066 {"metadata":{"emulator":{"name":"functions"},"message":"[functions] Got req.url=/dulcia-app/us-central1/api/payments/create?total=150066, mapping to path=/payments/create?total=150066"}}
[debug] [2024-10-18T12:36:01.312Z] [worker-pool] submitRequest(triggerId=us-central1-api) {"metadata":{"emulator":{"name":"functions"},"message":"[worker-pool] submitRequest(triggerId=us-central1-api)"}}
[info] i  functions: Beginning execution of "us-central1-api" {"metadata":{"emulator":{"name":"functions"},"function":{"name":"us-central1-api"},"extension":{},"message":"Beginning execution of \"us-central1-api\""}}
[debug] [2024-10-18T12:36:01.313Z] [worker-us-central1-api-ee3e0482-9ac0-46d5-9a0a-c11b5dc581cc]: BUSY {"metadata":{"emulator":{"name":"functions"},"function":{"name":"us-central1-api"},"extension":{},"message":"[worker-us-central1-api-ee3e0482-9ac0-46d5-9a0a-c11b5dc581cc]: BUSY"}}
[debug] [2024-10-18T12:36:01.319Z] [work-queue] {"queuedWork":["/dulcia-app/us-central1/api/payments/create-2024-10-18T12:36:01.318Z"],"queueLength":1,"runningWork":["/dulcia-app/us-central1/api/payments/create-2024-10-18T12:36:01.230Z","/dulcia-app/us-central1/api/payments/create-2024-10-18T12:36:01.305Z"],"workRunningCount":2}
[debug] [2024-10-18T12:36:01.321Z] [work-queue] {"queuedWork":[],"queueLength":0,"runningWork":["/dulcia-app/us-central1/api/payments/create-2024-10-18T12:36:01.230Z","/dulcia-app/us-central1/api/payments/create-2024-10-18T12:36:01.305Z","/dulcia-app/us-central1/api/payments/create-2024-10-18T12:36:01.318Z"],"workRunningCount":3}
[debug] [2024-10-18T12:36:01.321Z] Accepted request POST /dulcia-app/us-central1/api/payments/create?total=150066 --> us-central1-api
[debug] [2024-10-18T12:36:01.373Z] [functions] Runtime ready! Sending request! {"metadata":{"emulator":{"name":"functions"},"message":"[functions] Runtime ready! Sending request!"}}
[debug] [2024-10-18T12:36:01.386Z] [functions] Got req.url=/dulcia-app/us-central1/api/payments/create?total=150066, mapping to path=/payments/create?total=150066 {"metadata":{"emulator":{"name":"functions"},"message":"[functions] Got req.url=/dulcia-app/us-central1/api/payments/create?total=150066, mapping to path=/payments/create?total=150066"}}
[debug] [2024-10-18T12:36:01.386Z] [worker-pool] submitRequest(triggerId=us-central1-api) {"metadata":{"emulator":{"name":"functions"},"message":"[worker-pool] submitRequest(triggerId=us-central1-api)"}}
[info] i  functions: Beginning execution of "us-central1-api" {"metadata":{"emulator":{"name":"functions"},"function":{"name":"us-central1-api"},"extension":{},"message":"Beginning execution of \"us-central1-api\""}}
[debug] [2024-10-18T12:36:01.388Z] [worker-us-central1-api-8880ab35-aa12-4eb0-963e-f73385f00896]: BUSY {"metadata":{"emulator":{"name":"functions"},"function":{"name":"us-central1-api"},"extension":{},"message":"[worker-us-central1-api-8880ab35-aa12-4eb0-963e-f73385f00896]: BUSY"}}
[info] >  payment Request Received BOOM!!! for this amount >>>  150066 {"user":"payment Request Received BOOM!!! for this amount >>>  150066","metadata":{"emulator":{"name":"functions"},"function":{"name":"us-central1-api"},"extension":{},"message":"\u001b[90m> \u001b[39m payment Request Received BOOM!!! for this amount >>>  150066"}}
[info] >  payment Request Received BOOM!!! for this amount >>>  150066 {"user":"payment Request Received BOOM!!! for this amount >>>  150066","metadata":{"emulator":{"name":"functions"},"function":{"name":"us-central1-api"},"extension":{},"message":"\u001b[90m> \u001b[39m payment Request Received BOOM!!! for this amount >>>  150066"}}
[info] >  payment Request Received BOOM!!! for this amount >>>  150066 {"user":"payment Request Received BOOM!!! for this amount >>>  150066","metadata":{"emulator":{"name":"functions"},"function":{"name":"us-central1-api"},"extension":{},"message":"\u001b[90m> \u001b[39m payment Request Received BOOM!!! for this amount >>>  150066"}}
[debug] [2024-10-18T12:36:02.396Z] Finishing up request with event=pause {"metadata":{"emulator":{"name":"functions"},"function":{"name":"us-central1-api"},"extension":{},"message":"Finishing up request with event=pause"}}
[info] i  functions: Finished "us-central1-api" in 1083.3437ms {"metadata":{"emulator":{"name":"functions"},"function":{"name":"us-central1-api"},"extension":{},"message":"Finished \"us-central1-api\" in 1083.3437ms"}}
[debug] [2024-10-18T12:36:02.397Z] [worker-us-central1-api-ee3e0482-9ac0-46d5-9a0a-c11b5dc581cc]: IDLE {"metadata":{"emulator":{"name":"functions"},"function":{"name":"us-central1-api"},"extension":{},"message":"[worker-us-central1-api-ee3e0482-9ac0-46d5-9a0a-c11b5dc581cc]: IDLE"}}
[debug] [2024-10-18T12:36:02.397Z] Finishing up request with event=finish {"metadata":{"emulator":{"name":"functions"},"function":{"name":"us-central1-api"},"extension":{},"message":"Finishing up request with event=finish"}}
[debug] [2024-10-18T12:36:02.397Z] Finishing up request with event=close {"metadata":{"emulator":{"name":"functions"},"function":{"name":"us-central1-api"},"extension":{},"message":"Finishing up request with event=close"}}
[debug] [2024-10-18T12:36:02.397Z] [work-queue] {"queuedWork":[],"queueLength":0,"runningWork":["/dulcia-app/us-central1/api/payments/create-2024-10-18T12:36:01.230Z","/dulcia-app/us-central1/api/payments/create-2024-10-18T12:36:01.318Z"],"workRunningCount":2}
[debug] [2024-10-18T12:36:02.426Z] Finishing up request with event=pause {"metadata":{"emulator":{"name":"functions"},"function":{"name":"us-central1-api"},"extension":{},"message":"Finishing up request with event=pause"}}
[info] i  functions: Finished "us-central1-api" in 1038.4167ms {"metadata":{"emulator":{"name":"functions"},"function":{"name":"us-central1-api"},"extension":{},"message":"Finished \"us-central1-api\" in 1038.4167ms"}}
[debug] [2024-10-18T12:36:02.427Z] [worker-us-central1-api-8880ab35-aa12-4eb0-963e-f73385f00896]: IDLE {"metadata":{"emulator":{"name":"functions"},"function":{"name":"us-central1-api"},"extension":{},"message":"[worker-us-central1-api-8880ab35-aa12-4eb0-963e-f73385f00896]: IDLE"}}
[debug] [2024-10-18T12:36:02.429Z] Finishing up request with event=finish {"metadata":{"emulator":{"name":"functions"},"function":{"name":"us-central1-api"},"extension":{},"message":"Finishing up request with event=finish"}}
[debug] [2024-10-18T12:36:02.429Z] Finishing up request with event=close {"metadata":{"emulator":{"name":"functions"},"function":{"name":"us-central1-api"},"extension":{},"message":"Finishing up request with event=close"}}
[debug] [2024-10-18T12:36:02.430Z] [work-queue] {"queuedWork":[],"queueLength":0,"runningWork":["/dulcia-app/us-central1/api/payments/create-2024-10-18T12:36:01.230Z"],"workRunningCount":1}
[debug] [2024-10-18T12:36:02.446Z] Finishing up request with event=pause {"metadata":{"emulator":{"name":"functions"},"function":{"name":"us-central1-api"},"extension":{},"message":"Finishing up request with event=pause"}}
[info] i  functions: Finished "us-central1-api" in 1147.5087ms {"metadata":{"emulator":{"name":"functions"},"function":{"name":"us-central1-api"},"extension":{},"message":"Finished \"us-central1-api\" in 1147.5087ms"}}
[debug] [2024-10-18T12:36:02.447Z] [worker-us-central1-api-16a6896f-6587-4f94-93c2-1ee79c53e4b5]: IDLE {"metadata":{"emulator":{"name":"functions"},"function":{"name":"us-central1-api"},"extension":{},"message":"[worker-us-central1-api-16a6896f-6587-4f94-93c2-1ee79c53e4b5]: IDLE"}}
[debug] [2024-10-18T12:36:02.447Z] Finishing up request with event=finish {"metadata":{"emulator":{"name":"functions"},"function":{"name":"us-central1-api"},"extension":{},"message":"Finishing up request with event=finish"}}
[debug] [2024-10-18T12:36:02.447Z] Finishing up request with event=close {"metadata":{"emulator":{"name":"functions"},"function":{"name":"us-central1-api"},"extension":{},"message":"Finishing up request with event=close"}}
[debug] [2024-10-18T12:36:02.447Z] [work-queue] {"queuedWork":[],"queueLength":0,"runningWork":[],"workRunningCount":0}
